c:\users\john\documents\ogl engine\ogl engine\x64\release\vc140.pdb
c:\users\john\documents\ogl engine\ogl engine\x64\release\shader.obj
c:\users\john\documents\ogl engine\ogl engine\x64\release\primitives.obj
c:\users\john\documents\ogl engine\ogl engine\x64\release\maingame.obj
c:\users\john\documents\ogl engine\ogl engine\x64\release\errors.obj
c:\users\john\documents\ogl engine\ogl engine\x64\release\main.obj
c:\users\john\documents\ogl engine\x64\release\ogl engine.exe
c:\users\john\documents\ogl engine\x64\release\ogl engine.ipdb
c:\users\john\documents\ogl engine\x64\release\ogl engine.iobj
c:\users\john\documents\ogl engine\x64\release\ogl engine.pdb
d:\ogl engine\ogl engine\x64\release\errors.obj
d:\ogl engine\ogl engine\x64\release\main.obj
d:\ogl engine\ogl engine\x64\release\maingame.obj
d:\ogl engine\ogl engine\x64\release\primitives.obj
d:\ogl engine\ogl engine\x64\release\shader.obj
d:\ogl engine\ogl engine\x64\release\vc140.pdb
d:\ogl engine\x64\release\ogl engine.pdb
d:\ogl engine\x64\release\ogl engine.exe
d:\ogl engine\ogl engine\x64\release\ogl engine.tlog\cl.command.1.tlog
d:\ogl engine\ogl engine\x64\release\ogl engine.tlog\cl.read.1.tlog
d:\ogl engine\ogl engine\x64\release\ogl engine.tlog\cl.write.1.tlog
d:\ogl engine\ogl engine\x64\release\ogl engine.tlog\link.command.1.tlog
d:\ogl engine\ogl engine\x64\release\ogl engine.tlog\link.read.1.tlog
d:\ogl engine\ogl engine\x64\release\ogl engine.tlog\link.write.1.tlog
