Build started 10/4/2015 1:03:33 AM.
     1>Project "D:\OGL Engine\OGL Engine\OGL Engine.vcxproj" on node 2 (Rebuild target(s)).
     1>ClCompile:
         C:\Program Files (x86)\Microsoft Visual Studio 14.0\VC\bin\x86_amd64\CL.exe /c /Zi /nologo /W3 /WX- /sdl /O2 /Oi /GL /D _MBCS /Gm- /EHsc /MD /GS /Gy /arch:AVX2 /fp:precise /Zc:wchar_t /Zc:forScope /Zc:inline /Fo"x64\Release\\" /Fd"x64\Release\vc140.pdb" /Gd /TP /errorReport:prompt Errors.cpp MainGame.cpp Primitives.cpp Shader.cpp
         Errors.cpp
         MainGame.cpp
     1>MainGame.cpp(44): warning C4244: '=': conversion from 'Uint32' to 'GLfloat', possible loss of data
         Primitives.cpp
         Shader.cpp
         C:\Program Files (x86)\Microsoft Visual Studio 14.0\VC\bin\x86_amd64\CL.exe /c /Zi /nologo /W3 /WX- /sdl- /O2 /Oi /GL /D _MBCS /Gm- /EHsc /MD /GS /Gy /arch:AVX2 /fp:precise /Zc:wchar_t /Zc:forScope /Zc:inline /Fo"x64\Release\\" /Fd"x64\Release\vc140.pdb" /Gd /TP /errorReport:prompt main.cpp
         main.cpp
       Link:
         C:\Program Files (x86)\Microsoft Visual Studio 14.0\VC\bin\x86_amd64\link.exe /ERRORREPORT:PROMPT /OUT:"D:\OGL Engine\x64\Release\OGL Engine.exe" /NOLOGO SDL2.lib SDL2main.lib OpenGL32.lib glew32.lib kernel32.lib user32.lib gdi32.lib winspool.lib comdlg32.lib advapi32.lib shell32.lib ole32.lib oleaut32.lib uuid.lib odbc32.lib odbccp32.lib /MANIFEST /MANIFESTUAC:"level='asInvoker' uiAccess='false'" /manifest:embed /Debug /PDB:"D:\OGL Engine\x64\Release\OGL Engine.pdb" /SUBSYSTEM:CONSOLE /OPT:REF /OPT:ICF /LTCG:incremental /TLBID:1 /DYNAMICBASE /NXCOMPAT /IMPLIB:"D:\OGL Engine\x64\Release\OGL Engine.lib" /MACHINE:X64 x64\Release\Errors.obj
         x64\Release\main.obj
         x64\Release\MainGame.obj
         x64\Release\Primitives.obj
         x64\Release\Shader.obj
         Generating code
         403 of 409 functions (98.5%) were compiled, the rest were copied from previous compilation.
           6 functions were new in current compilation
           0 functions had inline decision re-evaluated but remain unchanged
         Finished generating code
         OGL Engine.vcxproj -> D:\OGL Engine\x64\Release\OGL Engine.exe
     1>Done Building Project "D:\OGL Engine\OGL Engine\OGL Engine.vcxproj" (Rebuild target(s)).

Build succeeded.

Time Elapsed 00:00:02.54
