Build started 10/8/2015 10:48:23 PM.
     1>Project "C:\Users\John\Documents\GitHub\OGL_Engine\OGL Engine\OGL Engine\OGL Engine.vcxproj" on node 2 (Build target(s)).
     1>ClCompile:
         C:\Program Files (x86)\Microsoft Visual Studio 14.0\VC\bin\x86_amd64\CL.exe /c /ZI /nologo /W3 /WX- /sdl /Od /D _MBCS /Gm /EHsc /RTC1 /MDd /GS /Qpar /arch:AVX2 /fp:precise /Zc:wchar_t /Zc:forScope /Zc:inline /Fo"x64\Debug\\" /Fd"x64\Debug\vc140.pdb" /Gd /TP /errorReport:prompt Primitives.cpp
         Primitives.cpp
     1>c:\users\john\documents\github\ogl_engine\ogl engine\ogl engine\primitives.cpp(79): warning C4244: '=': conversion from 'unsigned int' to 'GLfloat', possible loss of data
     1>c:\users\john\documents\github\ogl_engine\ogl engine\ogl engine\primitives.cpp(80): warning C4244: '=': conversion from 'unsigned int' to 'GLfloat', possible loss of data
     1>c:\users\john\documents\github\ogl_engine\ogl engine\ogl engine\primitives.cpp(90): warning C4244: '=': conversion from 'GLint' to 'GLfloat', possible loss of data
     1>c:\users\john\documents\github\ogl_engine\ogl engine\ogl engine\primitives.cpp(91): warning C4244: '=': conversion from 'GLint' to 'GLfloat', possible loss of data
       Link:
         C:\Program Files (x86)\Microsoft Visual Studio 14.0\VC\bin\x86_amd64\link.exe /ERRORREPORT:PROMPT /OUT:"C:\Users\John\Documents\GitHub\OGL_Engine\OGL Engine\x64\Debug\OGL Engine.exe" /INCREMENTAL /NOLOGO SDL2.lib SDL2main.lib opengl32.lib glew32.lib "assimp-vc130-mt.lib" kernel32.lib user32.lib gdi32.lib winspool.lib comdlg32.lib advapi32.lib shell32.lib ole32.lib oleaut32.lib uuid.lib odbc32.lib odbccp32.lib /MANIFEST /MANIFESTUAC:"level='asInvoker' uiAccess='false'" /manifest:embed /Debug /PDB:"C:\Users\John\Documents\GitHub\OGL_Engine\OGL Engine\x64\Debug\OGL Engine.pdb" /SUBSYSTEM:CONSOLE /TLBID:1 /DYNAMICBASE /NXCOMPAT /IMPLIB:"C:\Users\John\Documents\GitHub\OGL_Engine\OGL Engine\x64\Debug\OGL Engine.lib" /MACHINE:X64 "x64\Debug\OGL Engine.res"
         x64\Debug\Errors.obj
         x64\Debug\main.obj
         x64\Debug\MainGame.obj
         x64\Debug\Primitives.obj
         x64\Debug\Shader.obj
         OGL Engine.vcxproj -> C:\Users\John\Documents\GitHub\OGL_Engine\OGL Engine\x64\Debug\OGL Engine.exe
     1>Done Building Project "C:\Users\John\Documents\GitHub\OGL_Engine\OGL Engine\OGL Engine\OGL Engine.vcxproj" (Build target(s)).

Build succeeded.

Time Elapsed 00:00:00.85
